<?xml version="1.0" encoding="UTF-8"?>
<!-- Generated by org.testng.reporters.JUnitReportReporter -->
<testsuite hostname="DESKTOP-J0IEVFN" failures="0" tests="5" name="bs_testcase.WishListTest" time="103.618" errors="0" timestamp="2022-08-07T15:50:38 IST" skipped="0">
  <testcase classname="bs_testcase.WishListTest" name="feature_authTest" time="21.132"/>
  <system-out/>
  <testcase classname="bs_testcase.WishListTest" name="search_BookNameTest" time="21.664"/>
  <system-out/>
  <testcase classname="bs_testcase.WishListTest" name="addWishlist_AuthorNameTest" time="20.601"/>
  <system-out/>
  <testcase classname="bs_testcase.WishListTest" name="addWishlist_PublisherTest" time="19.600"/>
  <system-out/>
  <testcase classname="bs_testcase.WishListTest" name="wishlist_Test" time="20.621"/>
  <system-out/>
</testsuite> <!-- bs_testcase.WishListTest -->
