<?xml version="1.0" encoding="UTF-8"?>
<!-- Generated by org.testng.reporters.JUnitReportReporter -->
<testsuite hostname="DESKTOP-J0IEVFN" failures="0" tests="1" name="bs_testcase.Change_PasswordTest" time="28.960" errors="0" timestamp="2022-08-07T09:50:47 IST" skipped="0">
  <testcase classname="bs_testcase.Change_PasswordTest" name="request_a_bookTest" time="28.960"/>
  <system-out/>
</testsuite> <!-- bs_testcase.Change_PasswordTest -->
