<?xml version="1.0" encoding="UTF-8"?>
<!-- Generated by org.testng.reporters.JUnitReportReporter -->
<testsuite hostname="DESKTOP-J0IEVFN" failures="0" tests="1" name="bs_testcase.Add_Address_Test" time="73.695" errors="0" timestamp="2022-08-07T09:50:47 IST" skipped="0">
  <testcase classname="bs_testcase.Add_Address_Test" name="add_Address_Test" time="73.695"/>
  <system-out/>
</testsuite> <!-- bs_testcase.Add_Address_Test -->
