<?xml version="1.0" encoding="UTF-8"?>
<!-- Generated by org.testng.reporters.JUnitReportReporter -->
<testsuite hostname="DESKTOP-J0IEVFN" failures="0" tests="5" name="bs_testcase.WishListTest" time="241.366" errors="0" timestamp="2022-08-07T09:50:47 IST" skipped="0">
  <testcase classname="bs_testcase.WishListTest" name="feature_authTest" time="39.045"/>
  <system-out/>
  <testcase classname="bs_testcase.WishListTest" name="search_BookNameTest" time="58.049"/>
  <system-out/>
  <testcase classname="bs_testcase.WishListTest" name="addWishlist_AuthorNameTest" time="59.202"/>
  <system-out/>
  <testcase classname="bs_testcase.WishListTest" name="addWishlist_PublisherTest" time="55.031"/>
  <system-out/>
  <testcase classname="bs_testcase.WishListTest" name="wishlist_Test" time="30.039"/>
  <system-out/>
</testsuite> <!-- bs_testcase.WishListTest -->
