<?xml version="1.0" encoding="UTF-8"?>
<!-- Generated by org.testng.reporters.JUnitReportReporter -->
<testsuite hostname="DESKTOP-J0IEVFN" failures="0" tests="2" name="bs_testcase.Request_BookTest" time="66.519" errors="0" timestamp="2022-08-07T09:50:47 IST" skipped="0">
  <testcase classname="bs_testcase.Request_BookTest" name="request_a_bookTest" time="33.815"/>
  <system-out/>
  <testcase classname="bs_testcase.Request_BookTest" name="request_a_bookTest" time="32.704"/>
  <system-out/>
</testsuite> <!-- bs_testcase.Request_BookTest -->
