<?xml version="1.0" encoding="UTF-8"?>
<!-- Generated by org.testng.reporters.JUnitReportReporter -->
<testsuite hostname="DESKTOP-J0IEVFN" failures="0" tests="2" name="bs_testcase.Feature_AuthorsTest" time="49.674" errors="0" timestamp="02 Aug 2022 09:28:41 GMT" skipped="0">
  <testcase classname="bs_testcase.Feature_AuthorsTest" name="feature_authTest" time="21.155"/>
  <testcase classname="bs_testcase.Feature_AuthorsTest" name="wish_listTest" time="28.519"/>
</testsuite> <!-- bs_testcase.Feature_AuthorsTest -->
