<?xml version="1.0" encoding="UTF-8"?>
<!-- Generated by org.testng.reporters.JUnitReportReporter -->
<testsuite hostname="DESKTOP-J0IEVFN" failures="0" tests="2" name="bs_testcase.Request_BookTest" time="45.372" errors="0" timestamp="2022-08-07T15:50:37 IST" skipped="0">
  <testcase classname="bs_testcase.Request_BookTest" name="request_a_bookTest" time="21.395"/>
  <system-out/>
  <testcase classname="bs_testcase.Request_BookTest" name="request_a_bookTest" time="23.977"/>
  <system-out/>
</testsuite> <!-- bs_testcase.Request_BookTest -->
