<?xml version="1.0" encoding="UTF-8"?>
<!-- Generated by org.testng.reporters.JUnitReportReporter -->
<testsuite hostname="DESKTOP-J0IEVFN" failures="0" tests="4" name="bs_testcase.Login_PageTest" time="68.880" errors="0" timestamp="2022-08-07T15:50:37 IST" skipped="0">
  <testcase classname="bs_testcase.Login_PageTest" name="loginTest" time="18.942"/>
  <system-out/>
  <testcase classname="bs_testcase.Login_PageTest" name="MultipleUserLoginTest" time="17.286"/>
  <system-out/>
  <testcase classname="bs_testcase.Login_PageTest" name="MultipleUserLoginTest" time="16.770"/>
  <system-out/>
  <testcase classname="bs_testcase.Login_PageTest" name="MultipleUserLoginTest" time="15.882"/>
  <system-out/>
</testsuite> <!-- bs_testcase.Login_PageTest -->
